<?xml version="1.0" encoding="UTF-8"?>
<!-- Generated by org.testng.reporters.JUnitReportReporter -->
<testsuite hostname="DESKTOP-25KE1F9" failures="0" tests="1" name="testCases.CreateNewPolicy" time="26.909" errors="0" timestamp="2022-08-09T18:58:09 CAT" skipped="0">
  <testcase classname="testCases.CreateNewPolicy" name="Find_Client_By_PolicyNumber" time="26.909"/>
  <system-out/>
</testsuite> <!-- testCases.CreateNewPolicy -->
