<?xml version="1.0" encoding="UTF-8"?>
<!-- Generated by org.testng.reporters.JUnitReportReporter -->
<testsuite hostname="DESKTOP-25KE1F9" failures="0" tests="1" name="testCases.Test1" time="15.609" errors="0" timestamp="2022-08-09T17:57:30 CAT" skipped="0">
  <testcase classname="testCases.Test1" name="LoginTestCase1" time="15.609"/>
  <system-out/>
</testsuite> <!-- testCases.Test1 -->
